2022-04-11 23:30:37 INFO  Utilities:75 - Getting property value of url
2022-04-11 23:30:37 INFO  Utilities:85 - value is https://staging.inkbox.com
2022-04-11 23:30:55 INFO  Utilities:43 - clicking By.xpath: //div[@id='nav-hamburger']
2022-04-11 23:30:55 INFO  Utilities:19 - waiting for page to get loaded 
2022-04-11 23:31:03 INFO  Utilities:43 - clicking By.xpath: //span[contains(normalize-space(),'Join The Inkfam')]
2022-04-11 23:31:03 INFO  Utilities:19 - waiting for page to get loaded 
2022-04-11 23:31:05 INFO  Utilities:75 - Getting property value of email
2022-04-11 23:31:05 INFO  Utilities:85 - value is r.nagulapally@getinkbox.com
2022-04-11 23:31:05 INFO  Utilities:95 - entering data for locator By.xpath: //*[@id='login-email-field' and @form='accountLoginForm_login_home']and value is r.nagulapally@getinkbox.com
2022-04-11 23:31:05 INFO  Utilities:19 - waiting for page to get loaded 
2022-04-11 23:31:14 INFO  Utilities:75 - Getting property value of password
2022-04-11 23:31:14 INFO  Utilities:85 - value is 9951070133@Rakesh
2022-04-11 23:31:14 INFO  Utilities:95 - entering data for locator By.xpath: //*[@id='login-password-field']and value is 9951070133@Rakesh
2022-04-11 23:31:14 INFO  Utilities:19 - waiting for page to get loaded 
2022-04-11 23:31:14 INFO  Utilities:19 - waiting for page to get loaded 
2022-04-11 23:31:14 INFO  Utilities:50 - clicking using javascript click By.xpath: //*[@id='accountLoginForm_login_home']/div/button
2022-04-11 23:31:14 INFO  Utilities:19 - waiting for page to get loaded 
2022-04-11 23:31:56 INFO  Utilities:75 - Getting property value of url
2022-04-11 23:31:56 INFO  Utilities:85 - value is https://staging.inkbox.com
2022-04-11 23:32:17 INFO  Utilities:43 - clicking By.xpath: //div[@id='nav-hamburger']
2022-04-11 23:32:17 INFO  Utilities:19 - waiting for page to get loaded 
2022-04-11 23:32:26 INFO  Utilities:43 - clicking By.xpath: //span[contains(normalize-space(),'Join The Inkfam')]
2022-04-11 23:32:26 INFO  Utilities:19 - waiting for page to get loaded 
2022-04-11 23:32:27 INFO  Utilities:43 - clicking By.xpath: //p[contains(@class,'signup-toggle')]/span
2022-04-11 23:32:27 INFO  Utilities:19 - waiting for page to get loaded 
2022-04-11 23:32:38 INFO  Utilities:95 - entering data for locator By.xpath: //form[@id='createAccountForm_login_home']//input[@id='signup-email-field']and value is f03b47d996f34a5bbd59eb22f8447b68@inkbox.com
2022-04-11 23:32:38 INFO  Utilities:19 - waiting for page to get loaded 
2022-04-11 23:32:39 INFO  Utilities:75 - Getting property value of password
2022-04-11 23:32:39 INFO  Utilities:85 - value is 9951070133@Rakesh
2022-04-11 23:32:39 INFO  Utilities:95 - entering data for locator By.xpath: //form[@id='createAccountForm_login_home']//input[@id='signup-password-field']and value is 9951070133@Rakesh
2022-04-11 23:32:39 INFO  Utilities:19 - waiting for page to get loaded 
2022-04-11 23:32:40 INFO  Utilities:19 - waiting for page to get loaded 
2022-04-11 23:32:41 INFO  Utilities:50 - clicking using javascript click By.xpath: //button[@form='createAccountForm_login_home']
2022-04-11 23:32:41 INFO  Utilities:19 - waiting for page to get loaded 
